2013-01-06 10:01:01,076 [WARNING] django.request: Not Found: /musicapp/musiclib/playlist/img/favicon.ico
2013-01-06 10:01:03,618 [WARNING] django.request: Not Found: /musicapp/musiclib/playlist/img/favicon.ico
2013-01-06 10:01:05,160 [ERROR] django.request: Internal Server Error: /musicapp/musiclib/playlist/edit/27/
Traceback (most recent call last):
  File "/usr/local/lib/python2.7/dist-packages/django/core/handlers/base.py", line 111, in get_response
    response = callback(request, *callback_args, **callback_kwargs)
  File "/home/julio/Projects/mysite/musiclib/views.py", line 83, in playlistEdit
    found = playListMap[song]
KeyError: <Song: No ha parado de llover>
2013-01-06 16:15:37,414 [WARNING] django.request: Not Found: /musicapp/musiclib/playlist/img/favicon.ico
2013-01-06 16:15:46,102 [ERROR] django.request: Internal Server Error: /musicapp/musiclib/playlist/edit/27/
Traceback (most recent call last):
  File "/usr/local/lib/python2.7/dist-packages/django/core/handlers/base.py", line 111, in get_response
    response = callback(request, *callback_args, **callback_kwargs)
  File "/home/julio/Projects/mysite/musiclib/views.py", line 83, in playlistEdit
    found = playListMap[song]
KeyError: <Song: No ha parado de llover>
2013-01-06 16:20:18,848 [WARNING] django.request: Not Found: /musicapp/musiclib/playlist/img/favicon.ico
2013-01-06 16:20:21,815 [WARNING] django.request: Not Found: /musicapp/musiclib/playlist/img/favicon.ico
2013-01-06 16:20:23,732 [ERROR] django.request: Internal Server Error: /musicapp/musiclib/playlist/edit/27/
Traceback (most recent call last):
  File "/usr/local/lib/python2.7/dist-packages/django/core/handlers/base.py", line 111, in get_response
    response = callback(request, *callback_args, **callback_kwargs)
  File "/home/julio/Projects/mysite/musiclib/views.py", line 84, in playlistEdit
    found = playListMap[song]
KeyError: <Song: No ha parado de llover>
2013-01-06 16:53:24,943 [WARNING] django.request: Not Found: /musicapp/musiclib/playlist/img/favicon.ico
2013-01-06 16:53:27,968 [WARNING] django.request: Not Found: /musicapp/musiclib/playlist/img/favicon.ico
2013-01-06 16:53:29,881 [ERROR] django.request: Internal Server Error: /musicapp/musiclib/playlist/edit/27/
Traceback (most recent call last):
  File "/usr/local/lib/python2.7/dist-packages/django/core/handlers/base.py", line 111, in get_response
    response = callback(request, *callback_args, **callback_kwargs)
  File "/home/julio/Projects/mysite/musiclib/views.py", line 84, in playlistEdit
    found = playListMap[song.id]
KeyError: 1L
2013-01-06 16:59:45,467 [WARNING] django.request: Not Found: /musicapp/musiclib/playlist/img/favicon.ico
2013-01-06 16:59:48,416 [WARNING] django.request: Not Found: /musicapp/musiclib/playlist/img/favicon.ico
2013-01-06 16:59:50,414 [ERROR] django.request: Internal Server Error: /musicapp/musiclib/playlist/edit/27/
Traceback (most recent call last):
  File "/usr/local/lib/python2.7/dist-packages/django/core/handlers/base.py", line 111, in get_response
    response = callback(request, *callback_args, **callback_kwargs)
  File "/home/julio/Projects/mysite/musiclib/views.py", line 85, in playlistEdit
    logger.debug('Found = %r' % playListMap[song.id])
KeyError: 1L
2013-01-06 17:00:29,517 [WARNING] django.request: Not Found: /musicapp/musiclib/playlist/img/favicon.ico
2013-01-06 17:00:32,135 [WARNING] django.request: Not Found: /musicapp/musiclib/playlist/img/favicon.ico
2013-01-06 17:00:33,767 [ERROR] django.request: Internal Server Error: /musicapp/musiclib/playlist/edit/27/
Traceback (most recent call last):
  File "/usr/local/lib/python2.7/dist-packages/django/core/handlers/base.py", line 111, in get_response
    response = callback(request, *callback_args, **callback_kwargs)
  File "/home/julio/Projects/mysite/musiclib/views.py", line 85, in playlistEdit
    logger.debug('Found = %r' % playListMap(song.id))
TypeError: 'dict' object is not callable
2013-01-06 17:01:05,577 [WARNING] django.request: Not Found: /musicapp/musiclib/playlist/img/favicon.ico
2013-01-06 17:01:08,324 [WARNING] django.request: Not Found: /musicapp/musiclib/playlist/img/favicon.ico
2013-01-06 17:01:10,509 [WARNING] django.request: Not Found: /musicapp/musiclib/playlist/edit/27/img/favicon.ico
2013-01-06 17:01:21,177 [WARNING] django.request: Not Found: /musicapp/musiclib/playlist/saveSongs/img/favicon.ico
2013-01-06 17:01:25,173 [WARNING] django.request: Not Found: /musicapp/musiclib/playlist/edit/27/img/favicon.ico
2013-01-06 17:21:32,900 [WARNING] django.request: Not Found: /musicapp/musiclib/playlist/edit/27/img/favicon.ico
