2013-01-06 10:01:05,155 [DEBUG] musiclib.views: playlist = []
2013-01-06 10:01:05,157 [DEBUG] musiclib.views: AllSongs = [<Song: No ha parado de llover>, <Song: Love Shack>, <Song: I'm yours>]
2013-01-06 10:01:05,160 [DEBUG] musiclib.views: AllSongsList = [<Song: No ha parado de llover>, <Song: Love Shack>, <Song: I'm yours>]
2013-01-06 16:15:46,098 [DEBUG] musiclib.views: playlist = []
2013-01-06 16:15:46,100 [DEBUG] musiclib.views: AllSongs = [<Song: No ha parado de llover>, <Song: Love Shack>, <Song: I'm yours>]
2013-01-06 16:15:46,102 [DEBUG] musiclib.views: AllSongsList = [<Song: No ha parado de llover>, <Song: Love Shack>, <Song: I'm yours>]
2013-01-06 16:20:23,729 [DEBUG] musiclib.views: playlist = []
2013-01-06 16:20:23,730 [DEBUG] musiclib.views: AllSongs = [<Song: No ha parado de llover>, <Song: Love Shack>, <Song: I'm yours>]
2013-01-06 16:20:23,732 [DEBUG] musiclib.views: AllSongsList = [<Song: No ha parado de llover>, <Song: Love Shack>, <Song: I'm yours>]
2013-01-06 16:20:23,732 [DEBUG] musiclib.views: Song = <Song: No ha parado de llover>
2013-01-06 16:53:29,876 [DEBUG] musiclib.views: playlist = []
2013-01-06 16:53:29,878 [DEBUG] musiclib.views: AllSongs = [<Song: No ha parado de llover>, <Song: Love Shack>, <Song: I'm yours>]
2013-01-06 16:53:29,881 [DEBUG] musiclib.views: AllSongsList = [<Song: No ha parado de llover>, <Song: Love Shack>, <Song: I'm yours>]
2013-01-06 16:53:29,881 [DEBUG] musiclib.views: Song = <Song: No ha parado de llover>
2013-01-06 16:59:50,408 [DEBUG] musiclib.views: playlist = []
2013-01-06 16:59:50,411 [DEBUG] musiclib.views: AllSongs = [<Song: No ha parado de llover>, <Song: Love Shack>, <Song: I'm yours>]
2013-01-06 16:59:50,413 [DEBUG] musiclib.views: AllSongsList = [<Song: No ha parado de llover>, <Song: Love Shack>, <Song: I'm yours>]
2013-01-06 16:59:50,413 [DEBUG] musiclib.views: Song = <Song: No ha parado de llover>
2013-01-06 17:00:33,761 [DEBUG] musiclib.views: playlist = []
2013-01-06 17:00:33,764 [DEBUG] musiclib.views: AllSongs = [<Song: No ha parado de llover>, <Song: Love Shack>, <Song: I'm yours>]
2013-01-06 17:00:33,766 [DEBUG] musiclib.views: AllSongsList = [<Song: No ha parado de llover>, <Song: Love Shack>, <Song: I'm yours>]
2013-01-06 17:00:33,766 [DEBUG] musiclib.views: Song = <Song: No ha parado de llover>
2013-01-06 17:01:10,256 [DEBUG] musiclib.views: playlist = []
2013-01-06 17:01:10,259 [DEBUG] musiclib.views: AllSongs = [<Song: No ha parado de llover>, <Song: Love Shack>, <Song: I'm yours>]
2013-01-06 17:01:10,261 [DEBUG] musiclib.views: AllSongsList = [<Song: No ha parado de llover>, <Song: Love Shack>, <Song: I'm yours>]
2013-01-06 17:01:10,261 [DEBUG] musiclib.views: Song = <Song: No ha parado de llover>
2013-01-06 17:01:10,261 [DEBUG] musiclib.views: Found = None
2013-01-06 17:01:10,262 [DEBUG] musiclib.views: Song = <Song: Love Shack>
2013-01-06 17:01:10,262 [DEBUG] musiclib.views: Found = None
2013-01-06 17:01:10,262 [DEBUG] musiclib.views: Song = <Song: I'm yours>
2013-01-06 17:01:10,262 [DEBUG] musiclib.views: Found = None
2013-01-06 17:01:24,879 [DEBUG] musiclib.views: playlist = [<Song: Love Shack>]
2013-01-06 17:01:24,881 [DEBUG] musiclib.views: AllSongs = [<Song: No ha parado de llover>, <Song: Love Shack>, <Song: I'm yours>]
2013-01-06 17:01:24,882 [DEBUG] musiclib.views: Map = {3L: True}
2013-01-06 17:01:24,884 [DEBUG] musiclib.views: AllSongsList = [<Song: No ha parado de llover>, <Song: Love Shack>, <Song: I'm yours>]
2013-01-06 17:01:24,884 [DEBUG] musiclib.views: Song = <Song: No ha parado de llover>
2013-01-06 17:01:24,884 [DEBUG] musiclib.views: Found = None
2013-01-06 17:01:24,885 [DEBUG] musiclib.views: Song = <Song: Love Shack>
2013-01-06 17:01:24,885 [DEBUG] musiclib.views: Found = True
2013-01-06 17:21:32,629 [DEBUG] musiclib.views: playlist = [<Song: Love Shack>]
2013-01-06 17:21:32,631 [DEBUG] musiclib.views: AllSongs = [<Song: No ha parado de llover>, <Song: Love Shack>, <Song: I'm yours>]
2013-01-06 17:21:32,632 [DEBUG] musiclib.views: Map = {3L: True}
2013-01-06 17:21:32,633 [DEBUG] musiclib.views: AllSongsList = [<Song: No ha parado de llover>, <Song: Love Shack>, <Song: I'm yours>]
2013-01-06 17:21:32,633 [DEBUG] musiclib.views: Song = <Song: No ha parado de llover>
2013-01-06 17:21:32,634 [DEBUG] musiclib.views: Found = None
2013-01-06 17:21:32,634 [DEBUG] musiclib.views: Song = <Song: Love Shack>
2013-01-06 17:21:32,634 [DEBUG] musiclib.views: Found = True
